2021-02-23 07:41:06.0980|DEBUG|ChessGUI.SchachGUI|WhiteKingX=4;WhiteKingY=7 / load formular
2021-02-23 07:41:06.1292|DEBUG|ChessGUI.SchachGUI|BlackKingX=4;BlackKingY=0 / load formular
2021-02-23 07:41:09.2872|DEBUG|ChessGUI.SchachGUI|Last figure moved:Springer
2021-02-23 07:41:09.2872|DEBUG|ChessGUI.SchachGUI|Last figure moved: posX=5;posY=5
2021-02-23 07:41:17.3501|DEBUG|ChessGUI.SchachGUI|Last figure moved:Bauer
2021-02-23 07:41:17.3501|DEBUG|ChessGUI.SchachGUI|Last figure moved: posX=3;posY=3
2021-02-23 07:41:19.5029|DEBUG|ChessGUI.SchachGUI|Last figure moved:Bauer
2021-02-23 07:41:19.5029|DEBUG|ChessGUI.SchachGUI|Last figure moved: posX=3;posY=4
2021-02-23 07:41:37.9401|INFO|ChessGUI.About|DeveloperInfo succesfully loaded
2021-02-23 07:42:16.7176|ERROR|ChessGUI.SchachGUI|Der Remotename konnte nicht aufgelöst werden: 'tklustig.ddns.net'
System.Net.WebException: Der Remotename konnte nicht aufgelöst werden: 'tklustig.ddns.net'
   bei System.Net.HttpWebRequest.GetRequestStream(TransportContext& context)
   bei System.Net.HttpWebRequest.GetRequestStream()
   bei ChessGUI.SchachGUI.SchachGUI_FormClosing(Object sender, FormClosingEventArgs e) in F:\Visual Studio 2017\C#\C#_GUI\ChessGUI\ChessGUI\Main.cs:Zeile 1111.
   bei System.Windows.Forms.Form.OnFormClosing(FormClosingEventArgs e)
   bei System.Windows.Forms.Form.RaiseFormClosingOnAppExit()
   bei System.Windows.Forms.Application.ExitInternal()
   bei System.Windows.Forms.Application.Exit(CancelEventArgs e)
   bei System.Windows.Forms.Application.Exit()
   bei ChessGUI.SchachGUI.BeendenToolStripMenuItem_Click(Object sender, EventArgs e) in F:\Visual Studio 2017\C#\C#_GUI\ChessGUI\ChessGUI\Main.cs:Zeile 95.
2021-02-23 07:42:24.8557|DEBUG|ChessGUI.SchachGUI|WhiteKingX=4;WhiteKingY=7 / load formular
2021-02-23 07:42:24.9089|DEBUG|ChessGUI.SchachGUI|BlackKingX=4;BlackKingY=0 / load formular
2021-02-23 07:42:59.1360|DEBUG|ChessGUI.SchachGUI|WhiteKingX=4;WhiteKingY=7 / load formular
2021-02-23 07:42:59.1828|DEBUG|ChessGUI.SchachGUI|BlackKingX=4;BlackKingY=0 / load formular
2021-02-23 07:50:55.4409|DEBUG|ChessGUI.SchachGUI|WhiteKingX=4;WhiteKingY=7 / load formular
2021-02-23 07:50:55.4721|DEBUG|ChessGUI.SchachGUI|BlackKingX=4;BlackKingY=0 / load formular
2021-02-23 07:51:10.4872|DEBUG|ChessGUI.SchachGUI|Last figure moved:Springer
2021-02-23 07:51:10.4872|DEBUG|ChessGUI.SchachGUI|Last figure moved: posX=5;posY=5
2021-02-23 07:51:16.9692|DEBUG|ChessGUI.SchachGUI|Last figure moved:Bauer
2021-02-23 07:51:16.9692|DEBUG|ChessGUI.SchachGUI|Last figure moved: posX=4;posY=3
2021-02-23 07:51:18.5448|DEBUG|ChessGUI.Board|figureHasBeenBeaten wurde auf True gesetzt
2021-02-23 07:51:18.5448|WARN|ChessGUI.Board|Errechnete Koordinaten X=4;Y=3 entsprechen nicht der/dem schwarzen Bauer, sondern der/dem weissen Springer auf dem Brett
2021-02-23 07:51:18.5448|INFO|ChessGUI.Board|Fuege NULL anstatt schwarzen Bauer der Liste bei
2021-02-23 07:51:18.5448|WARN|ChessGUI.Board|Errechnete Koordinaten X=4;Y=3 entsprechen nicht der/dem schwarzen Bauer, sondern der/dem weissen Springer auf dem Brett
2021-02-23 07:51:18.5448|INFO|ChessGUI.Board|Fuege NULL anstatt schwarzen Bauer der Liste bei
2021-02-23 07:51:18.5448|DEBUG|ChessGUI.SchachGUI|Last figure moved:Springer
2021-02-23 07:51:18.5448|DEBUG|ChessGUI.SchachGUI|Last figure moved: posX=4;posY=3
2021-02-23 07:51:21.7428|DEBUG|ChessGUI.SchachGUI|figureHasBeenBeaten wurde auf False gesetzt
2021-02-23 07:51:22.3512|DEBUG|ChessGUI.SchachGUI|Last figure moved:Bauer
2021-02-23 07:51:22.3512|DEBUG|ChessGUI.SchachGUI|Last figure moved: posX=3;posY=2
2021-02-23 07:51:24.4416|DEBUG|ChessGUI.Board|figureHasBeenBeaten wurde auf True gesetzt
2021-02-23 07:51:29.2032|DEBUG|ChessGUI.SchachGUI|WhiteKingX=4,WhiteKingY=7 / restart game
2021-02-23 07:51:29.2188|DEBUG|ChessGUI.SchachGUI|BlackKingX=4,BlackKingY=0 / restart game
2021-02-23 07:52:35.4289|ERROR|ChessGUI.SchachGUI|Der Remotename konnte nicht aufgelöst werden: 'tklustig.ddns.net'
System.Net.WebException: Der Remotename konnte nicht aufgelöst werden: 'tklustig.ddns.net'
   bei System.Net.HttpWebRequest.GetRequestStream(TransportContext& context)
   bei System.Net.HttpWebRequest.GetRequestStream()
   bei ChessGUI.SchachGUI.SchachGUI_FormClosing(Object sender, FormClosingEventArgs e) in F:\Visual Studio 2017\C#\C#_GUI\ChessGUI\ChessGUI\Main.cs:Zeile 1111.
   bei System.Windows.Forms.Form.OnFormClosing(FormClosingEventArgs e)
   bei System.Windows.Forms.Form.RaiseFormClosingOnAppExit()
   bei System.Windows.Forms.Application.ExitInternal()
   bei System.Windows.Forms.Application.Exit(CancelEventArgs e)
   bei System.Windows.Forms.Application.Exit()
   bei ChessGUI.SchachGUI.BeendenToolStripMenuItem_Click(Object sender, EventArgs e) in F:\Visual Studio 2017\C#\C#_GUI\ChessGUI\ChessGUI\Main.cs:Zeile 95.
2021-02-23 07:59:19.7159|DEBUG|ChessGUI.SchachGUI|WhiteKingX=4;WhiteKingY=7 / load formular
2021-02-23 07:59:19.7569|DEBUG|ChessGUI.SchachGUI|BlackKingX=4;BlackKingY=0 / load formular
2021-02-23 07:59:24.1101|ERROR|ChessGUI.SchachGUI|Der Remotename konnte nicht aufgelöst werden: 'tklustig.ddns.net'
System.Net.WebException: Der Remotename konnte nicht aufgelöst werden: 'tklustig.ddns.net'
   bei System.Net.HttpWebRequest.GetRequestStream(TransportContext& context)
   bei System.Net.HttpWebRequest.GetRequestStream()
   bei ChessGUI.SchachGUI.SchachGUI_FormClosing(Object sender, FormClosingEventArgs e) in F:\Visual Studio 2017\C#\C#_GUI\ChessGUI\ChessGUI\Main.cs:Zeile 1111.
   bei System.Windows.Forms.Form.OnFormClosing(FormClosingEventArgs e)
   bei System.Windows.Forms.Form.RaiseFormClosingOnAppExit()
   bei System.Windows.Forms.Application.ExitInternal()
   bei System.Windows.Forms.Application.Exit(CancelEventArgs e)
   bei ChessGUI.SchachGUI.BeendenToolStripMenuItem_Click(Object sender, EventArgs e) in F:\Visual Studio 2017\C#\C#_GUI\ChessGUI\ChessGUI\Main.cs:Zeile 95.
2021-02-23 07:59:33.0306|DEBUG|ChessGUI.SchachGUI|WhiteKingX=4;WhiteKingY=7 / load formular
2021-02-23 07:59:33.0826|DEBUG|ChessGUI.SchachGUI|BlackKingX=4;BlackKingY=0 / load formular
2021-02-23 07:59:42.6862|ERROR|ChessGUI.SchachGUI|Der Remotename konnte nicht aufgelöst werden: 'tklustig.ddns.net'
System.Net.WebException: Der Remotename konnte nicht aufgelöst werden: 'tklustig.ddns.net'
   bei System.Net.HttpWebRequest.GetRequestStream(TransportContext& context)
   bei System.Net.HttpWebRequest.GetRequestStream()
   bei ChessGUI.SchachGUI.SchachGUI_FormClosing(Object sender, FormClosingEventArgs e) in F:\Visual Studio 2017\C#\C#_GUI\ChessGUI\ChessGUI\Main.cs:Zeile 1111.
   bei System.Windows.Forms.Form.OnFormClosing(FormClosingEventArgs e)
   bei System.Windows.Forms.Form.RaiseFormClosingOnAppExit()
   bei System.Windows.Forms.Application.ExitInternal()
   bei System.Windows.Forms.Application.Exit(CancelEventArgs e)
   bei ChessGUI.SchachGUI.BeendenToolStripMenuItem_Click(Object sender, EventArgs e) in F:\Visual Studio 2017\C#\C#_GUI\ChessGUI\ChessGUI\Main.cs:Zeile 95.
